2025-02-25 16:37:03 [INFO ] [Hooks] - [setUp] Scenario Started: Verify whether user is able to register into the application by providing all the details
2025-02-25 16:37:03 [INFO ] [Browser] - [startBrowser] Selected Browser is: chrome
2025-02-25 16:37:14 [INFO ] [Browser] - [takeScreenshot] Exception has Occured while taking screenshot
2025-02-25 16:53:04 [INFO ] [Hooks] - [setUp] Scenario Started: Verify whether user is able to register into the application by providing all the details
2025-02-25 16:53:04 [INFO ] [Browser] - [startBrowser] Selected Browser is: chrome
2025-02-25 16:53:13 [INFO ] [Browser] - [takeScreenshot] Exception has Occured while taking screenshot
2025-02-25 16:54:04 [INFO ] [Hooks] - [setUp] Scenario Started: Verify whether user is able to register into the application by providing all the details
2025-02-25 16:54:04 [INFO ] [Browser] - [startBrowser] Selected Browser is: edge
2025-02-25 16:54:15 [INFO ] [Browser] - [startBrowser] Firefox Browser is Started1890318768
2025-02-25 16:54:16 [INFO ] [Hooks] - [closeBrowser] Scenario Completed: Verify whether user is able to register into the application by providing all the details
2025-02-25 16:54:16 [INFO ] [Hooks] - [closeBrowser] Scenario Status is: failed
2025-02-25 16:57:05 [INFO ] [Hooks] - [setUp] Scenario Started: Verify whether user is able to register into the application by providing all the details
2025-02-25 16:57:05 [INFO ] [Browser] - [startBrowser] Selected Browser is: edge
2025-02-25 16:57:07 [INFO ] [Browser] - [takeScreenshot] Exception has Occured while taking screenshot
2025-02-25 16:58:17 [INFO ] [Hooks] - [setUp] Scenario Started: Verify whether user is able to register into the application by providing all the details
2025-02-25 16:58:17 [INFO ] [Browser] - [startBrowser] Selected Browser is: edge
2025-02-25 16:58:19 [INFO ] [Browser] - [takeScreenshot] Exception has Occured while taking screenshot
2025-02-25 17:02:20 [INFO ] [Hooks] - [setUp] Scenario Started: Verify whether user is able to register into the application by providing all the details
2025-02-25 17:02:20 [INFO ] [Browser] - [startBrowser] Selected Browser is: edge
2025-02-25 17:02:23 [INFO ] [Browser] - [takeScreenshot] Exception has Occured while taking screenshot
2025-02-25 17:36:23 [INFO ] [Hooks] - [setUp] Scenario Started: Verify whether user is able to register into the application by providing all the details
2025-02-25 17:36:23 [INFO ] [Browser] - [startBrowser] Selected Browser is: chrome
2025-02-25 17:36:36 [INFO ] [Browser] - [takeScreenshot] Exception has Occured while taking screenshot
2025-02-25 17:37:26 [INFO ] [Hooks] - [setUp] Scenario Started: Verify whether user is able to register into the application by providing all the details
2025-02-25 17:37:26 [INFO ] [Browser] - [startBrowser] Selected Browser is: edge
2025-02-25 17:37:30 [INFO ] [Browser] - [takeScreenshot] Exception has Occured while taking screenshot
2025-02-25 17:39:25 [INFO ] [Hooks] - [setUp] Scenario Started: Verify whether user is able to register into the application by providing all the details
2025-02-25 17:39:25 [INFO ] [Browser] - [startBrowser] Selected Browser is: null
2025-02-25 17:39:37 [INFO ] [Browser] - [startBrowser] Firefox Browser is Started174245837
2025-02-25 17:39:38 [INFO ] [Hooks] - [closeBrowser] Scenario Completed: Verify whether user is able to register into the application by providing all the details
2025-02-25 17:39:38 [INFO ] [Hooks] - [closeBrowser] Scenario Status is: failed
